[2016-08-16 23:55:27] production.ERROR: PDOException: SQLSTATE[HY000] [1045] Access denied for user 'forge'@'localhost' (using password: NO) in E:\phpStudy\WWW\laravel2\vendor\laravel\framework\src\Illuminate\Database\Connectors\Connector.php:55
Stack trace:
#0 E:\phpStudy\WWW\laravel2\vendor\laravel\framework\src\Illuminate\Database\Connectors\Connector.php(55): PDO->__construct('mysql:host=loca...', 'forge', '', Array)
#1 E:\phpStudy\WWW\laravel2\vendor\laravel\framework\src\Illuminate\Database\Connectors\MySqlConnector.php(24): Illuminate\Database\Connectors\Connector->createConnection('mysql:host=loca...', Array, Array)
#2 E:\phpStudy\WWW\laravel2\vendor\laravel\framework\src\Illuminate\Database\Connectors\ConnectionFactory.php(61): Illuminate\Database\Connectors\MySqlConnector->connect(Array)
#3 [internal function]: Illuminate\Database\Connectors\ConnectionFactory->Illuminate\Database\Connectors\{closure}()
#4 E:\phpStudy\WWW\laravel2\vendor\laravel\framework\src\Illuminate\Database\Connection.php(908): call_user_func(Object(Closure))
#5 E:\phpStudy\WWW\laravel2\vendor\laravel\framework\src\Illuminate\Database\Connection.php(776): Illuminate\Database\Connection->getPdo()
#6 E:\phpStudy\WWW\laravel2\vendor\laravel\framework\src\Illuminate\Database\Connection.php(661): Illuminate\Database\Connection->reconnectIfMissingConnection()
#7 E:\phpStudy\WWW\laravel2\vendor\laravel\framework\src\Illuminate\Database\Connection.php(342): Illuminate\Database\Connection->run('select * from `...', Array, Object(Closure))
#8 E:\phpStudy\WWW\laravel2\vendor\laravel\framework\src\Illuminate\Database\Query\Builder.php(1583): Illuminate\Database\Connection->select('select * from `...', Array, true)
#9 E:\phpStudy\WWW\laravel2\vendor\laravel\framework\src\Illuminate\Database\Query\Builder.php(1569): Illuminate\Database\Query\Builder->runSelect()
#10 E:\phpStudy\WWW\laravel2\vendor\laravel\framework\src\Illuminate\Database\Eloquent\Builder.php(624): Illuminate\Database\Query\Builder->get(Array)
#11 E:\phpStudy\WWW\laravel2\vendor\laravel\framework\src\Illuminate\Database\Eloquent\Builder.php(316): Illuminate\Database\Eloquent\Builder->getModels(Array)
#12 E:\phpStudy\WWW\laravel2\vendor\laravel\framework\src\Illuminate\Database\Eloquent\Model.php(646): Illuminate\Database\Eloquent\Builder->get(Array)
#13 E:\phpStudy\WWW\laravel2\app\Listeners\permChangeListener.php(47): Illuminate\Database\Eloquent\Model::all()
#14 E:\phpStudy\WWW\laravel2\vendor\illuminate\cache\Repository.php(325): App\Listeners\permChangeListener->App\Listeners\{closure}()
#15 E:\phpStudy\WWW\laravel2\app\Listeners\permChangeListener.php(48): Illuminate\Cache\Repository->rememberForever('perms', Object(Closure))
#16 E:\phpStudy\WWW\laravel2\app\Listeners\permChangeListener.php(34): App\Listeners\permChangeListener->breadcrumbs('E:\\phpStudy\\WWW...')
#17 [internal function]: App\Listeners\permChangeListener->handle(Object(App\Events\permChangeEvent))
#18 E:\phpStudy\WWW\laravel2\vendor\illuminate\events\Dispatcher.php(347): call_user_func_array(Array, Array)
#19 [internal function]: Illuminate\Events\Dispatcher->Illuminate\Events\{closure}(Object(App\Events\permChangeEvent))
#20 E:\phpStudy\WWW\laravel2\vendor\illuminate\events\Dispatcher.php(221): call_user_func_array(Object(Closure), Array)
#21 E:\phpStudy\WWW\laravel2\vendor\illuminate\support\Facades\Facade.php(218): Illuminate\Events\Dispatcher->fire('App\\Events\\perm...')
#22 E:\phpStudy\WWW\laravel2\app\Http\breadcrumbs.php(6): Illuminate\Support\Facades\Facade::__callStatic('fire', Array)
#23 E:\phpStudy\WWW\laravel2\vendor\davejamesmiller\laravel-breadcrumbs\src\ServiceProvider.php(73): require('E:\\phpStudy\\WWW...')
#24 E:\phpStudy\WWW\laravel2\vendor\davejamesmiller\laravel-breadcrumbs\src\ServiceProvider.php(64): DaveJamesMiller\Breadcrumbs\ServiceProvider->registerBreadcrumbs()
#25 [internal function]: DaveJamesMiller\Breadcrumbs\ServiceProvider->boot()
#26 E:\phpStudy\WWW\laravel2\vendor\illuminate\container\Container.php(507): call_user_func_array(Array, Array)
#27 E:\phpStudy\WWW\laravel2\vendor\laravel\framework\src\Illuminate\Foundation\Application.php(757): Illuminate\Container\Container->call(Array)
#28 E:\phpStudy\WWW\laravel2\vendor\laravel\framework\src\Illuminate\Foundation\Application.php(740): Illuminate\Foundation\Application->bootProvider(Object(DaveJamesMiller\Breadcrumbs\ServiceProvider))
#29 [internal function]: Illuminate\Foundation\Application->Illuminate\Foundation\{closure}(Object(DaveJamesMiller\Breadcrumbs\ServiceProvider), 17)
#30 E:\phpStudy\WWW\laravel2\vendor\laravel\framework\src\Illuminate\Foundation\Application.php(741): array_walk(Array, Object(Closure))
#31 E:\phpStudy\WWW\laravel2\vendor\laravel\framework\src\Illuminate\Foundation\Bootstrap\BootProviders.php(17): Illuminate\Foundation\Application->boot()
#32 E:\phpStudy\WWW\laravel2\vendor\laravel\framework\src\Illuminate\Foundation\Application.php(203): Illuminate\Foundation\Bootstrap\BootProviders->bootstrap(Object(Illuminate\Foundation\Application))
#33 E:\phpStudy\WWW\laravel2\vendor\laravel\framework\src\Illuminate\Foundation\Console\Kernel.php(219): Illuminate\Foundation\Application->bootstrapWith(Array)
#34 E:\phpStudy\WWW\laravel2\vendor\laravel\framework\src\Illuminate\Foundation\Console\Kernel.php(105): Illuminate\Foundation\Console\Kernel->bootstrap()
#35 E:\phpStudy\WWW\laravel2\artisan(35): Illuminate\Foundation\Console\Kernel->handle(Object(Symfony\Component\Console\Input\ArgvInput), Object(Symfony\Component\Console\Output\ConsoleOutput))
#36 {main}  
[2016-08-16 23:59:24] production.ERROR: PDOException: SQLSTATE[HY000] [1045] Access denied for user 'forge'@'localhost' (using password: NO) in E:\phpStudy\WWW\laravel2\vendor\laravel\framework\src\Illuminate\Database\Connectors\Connector.php:55
Stack trace:
#0 E:\phpStudy\WWW\laravel2\vendor\laravel\framework\src\Illuminate\Database\Connectors\Connector.php(55): PDO->__construct('mysql:host=loca...', 'forge', '', Array)
#1 E:\phpStudy\WWW\laravel2\vendor\laravel\framework\src\Illuminate\Database\Connectors\MySqlConnector.php(24): Illuminate\Database\Connectors\Connector->createConnection('mysql:host=loca...', Array, Array)
#2 E:\phpStudy\WWW\laravel2\vendor\laravel\framework\src\Illuminate\Database\Connectors\ConnectionFactory.php(61): Illuminate\Database\Connectors\MySqlConnector->connect(Array)
#3 [internal function]: Illuminate\Database\Connectors\ConnectionFactory->Illuminate\Database\Connectors\{closure}()
#4 E:\phpStudy\WWW\laravel2\vendor\laravel\framework\src\Illuminate\Database\Connection.php(908): call_user_func(Object(Closure))
#5 E:\phpStudy\WWW\laravel2\vendor\laravel\framework\src\Illuminate\Database\Connection.php(776): Illuminate\Database\Connection->getPdo()
#6 E:\phpStudy\WWW\laravel2\vendor\laravel\framework\src\Illuminate\Database\Connection.php(661): Illuminate\Database\Connection->reconnectIfMissingConnection()
#7 E:\phpStudy\WWW\laravel2\vendor\laravel\framework\src\Illuminate\Database\Connection.php(342): Illuminate\Database\Connection->run('select * from `...', Array, Object(Closure))
#8 E:\phpStudy\WWW\laravel2\vendor\laravel\framework\src\Illuminate\Database\Query\Builder.php(1583): Illuminate\Database\Connection->select('select * from `...', Array, true)
#9 E:\phpStudy\WWW\laravel2\vendor\laravel\framework\src\Illuminate\Database\Query\Builder.php(1569): Illuminate\Database\Query\Builder->runSelect()
#10 E:\phpStudy\WWW\laravel2\vendor\laravel\framework\src\Illuminate\Database\Eloquent\Builder.php(624): Illuminate\Database\Query\Builder->get(Array)
#11 E:\phpStudy\WWW\laravel2\vendor\laravel\framework\src\Illuminate\Database\Eloquent\Builder.php(316): Illuminate\Database\Eloquent\Builder->getModels(Array)
#12 E:\phpStudy\WWW\laravel2\vendor\laravel\framework\src\Illuminate\Database\Eloquent\Model.php(646): Illuminate\Database\Eloquent\Builder->get(Array)
#13 E:\phpStudy\WWW\laravel2\app\Listeners\permChangeListener.php(47): Illuminate\Database\Eloquent\Model::all()
#14 E:\phpStudy\WWW\laravel2\vendor\illuminate\cache\Repository.php(325): App\Listeners\permChangeListener->App\Listeners\{closure}()
#15 E:\phpStudy\WWW\laravel2\app\Listeners\permChangeListener.php(48): Illuminate\Cache\Repository->rememberForever('perms', Object(Closure))
#16 E:\phpStudy\WWW\laravel2\app\Listeners\permChangeListener.php(34): App\Listeners\permChangeListener->breadcrumbs('E:\\phpStudy\\WWW...')
#17 [internal function]: App\Listeners\permChangeListener->handle(Object(App\Events\permChangeEvent))
#18 E:\phpStudy\WWW\laravel2\vendor\illuminate\events\Dispatcher.php(347): call_user_func_array(Array, Array)
#19 [internal function]: Illuminate\Events\Dispatcher->Illuminate\Events\{closure}(Object(App\Events\permChangeEvent))
#20 E:\phpStudy\WWW\laravel2\vendor\illuminate\events\Dispatcher.php(221): call_user_func_array(Object(Closure), Array)
#21 E:\phpStudy\WWW\laravel2\vendor\illuminate\support\Facades\Facade.php(218): Illuminate\Events\Dispatcher->fire('App\\Events\\perm...')
#22 E:\phpStudy\WWW\laravel2\app\Http\breadcrumbs.php(6): Illuminate\Support\Facades\Facade::__callStatic('fire', Array)
#23 E:\phpStudy\WWW\laravel2\vendor\davejamesmiller\laravel-breadcrumbs\src\ServiceProvider.php(73): require('E:\\phpStudy\\WWW...')
#24 E:\phpStudy\WWW\laravel2\vendor\davejamesmiller\laravel-breadcrumbs\src\ServiceProvider.php(64): DaveJamesMiller\Breadcrumbs\ServiceProvider->registerBreadcrumbs()
#25 [internal function]: DaveJamesMiller\Breadcrumbs\ServiceProvider->boot()
#26 E:\phpStudy\WWW\laravel2\vendor\illuminate\container\Container.php(507): call_user_func_array(Array, Array)
#27 E:\phpStudy\WWW\laravel2\vendor\laravel\framework\src\Illuminate\Foundation\Application.php(757): Illuminate\Container\Container->call(Array)
#28 E:\phpStudy\WWW\laravel2\vendor\laravel\framework\src\Illuminate\Foundation\Application.php(740): Illuminate\Foundation\Application->bootProvider(Object(DaveJamesMiller\Breadcrumbs\ServiceProvider))
#29 [internal function]: Illuminate\Foundation\Application->Illuminate\Foundation\{closure}(Object(DaveJamesMiller\Breadcrumbs\ServiceProvider), 17)
#30 E:\phpStudy\WWW\laravel2\vendor\laravel\framework\src\Illuminate\Foundation\Application.php(741): array_walk(Array, Object(Closure))
#31 E:\phpStudy\WWW\laravel2\vendor\laravel\framework\src\Illuminate\Foundation\Bootstrap\BootProviders.php(17): Illuminate\Foundation\Application->boot()
#32 E:\phpStudy\WWW\laravel2\vendor\laravel\framework\src\Illuminate\Foundation\Application.php(203): Illuminate\Foundation\Bootstrap\BootProviders->bootstrap(Object(Illuminate\Foundation\Application))
#33 E:\phpStudy\WWW\laravel2\vendor\laravel\framework\src\Illuminate\Foundation\Console\Kernel.php(219): Illuminate\Foundation\Application->bootstrapWith(Array)
#34 E:\phpStudy\WWW\laravel2\vendor\laravel\framework\src\Illuminate\Foundation\Console\Kernel.php(105): Illuminate\Foundation\Console\Kernel->bootstrap()
#35 E:\phpStudy\WWW\laravel2\artisan(35): Illuminate\Foundation\Console\Kernel->handle(Object(Symfony\Component\Console\Input\ArgvInput), Object(Symfony\Component\Console\Output\ConsoleOutput))
#36 {main}  
